<?xml version="1.0" encoding="UTF-8"?>
<testsuite xmlns:xsi="http://www.w3.org/2001/XMLSchema-instance" xsi:noNamespaceSchemaLocation="https://maven.apache.org/surefire/maven-surefire-plugin/xsd/surefire-test-report-3.0.xsd" version="3.0" name="com.alphasoft.get.service.ai.AIServiceTest" time="2.564" tests="2" errors="0" skipped="0" failures="0">
  <properties>
[...]
</properties>
  <testcase name="testRecommendations" classname="com.alphasoft.get.service.ai.AIServiceTest" time="0.01">
    <system-out><![CDATA[2026-06-14 03:05:27 [main] INFO  o.s.t.c.s.AnnotationConfigContextLoaderUtils - Could not detect default configuration classes for test class [com.alphasoft.get.service.ai.AIServiceTest]: AIServiceTest does not declare any static, non-private, non-final, nested classes annotated with @Configuration.
2026-06-14 03:05:27 [main] INFO  o.s.b.t.c.SpringBootTestContextBootstrapper - Found @SpringBootConfiguration com.alphasoft.get.GetApplication for test class com.alphasoft.get.service.ai.AIServiceTest

  .   ____          _            __ _ _
 /\\ / ___'_ __ _ _(_)_ __  __ _ \ \ \ \
( ( )\___ | '_ | '_| | '_ \/ _` | \ \ \ \
 \\/  ___)| |_)| | | | | || (_| |  ) ) ) )
  '  |____| .__|_| |_|_| |_\__, | / / / /
 =========|_|==============|___/=/_/_/_/
 :: Spring Boot ::                (v3.2.0)

2026-06-14 03:05:27 [main] INFO  c.a.get.service.ai.AIServiceTest - Starting AIServiceTest using Java 17.0.19 with PID 14289 (started by ubuntu in /home/ubuntu/GET-Complete/backend)
2026-06-14 03:05:27 [main] DEBUG c.a.get.service.ai.AIServiceTest - Running with Spring Boot v3.2.0, Spring v6.1.1
2026-06-14 03:05:27 [main] INFO  c.a.get.service.ai.AIServiceTest - The following 1 profile is active: "test"
2026-06-14 03:05:28 [main] INFO  o.s.d.r.c.RepositoryConfigurationDelegate - Multiple Spring Data modules found, entering strict repository configuration mode
2026-06-14 03:05:28 [main] INFO  o.s.d.r.c.RepositoryConfigurationDelegate - Bootstrapping Spring Data JPA repositories in DEFAULT mode.
2026-06-14 03:05:28 [main] INFO  o.s.d.r.c.RepositoryConfigurationDelegate - Finished Spring Data repository scanning in 15 ms. Found 9 JPA repository interfaces.
2026-06-14 03:05:28 [main] INFO  com.zaxxer.hikari.HikariDataSource - HikariPool-2 - Starting...
2026-06-14 03:05:28 [main] INFO  com.zaxxer.hikari.pool.HikariPool - HikariPool-2 - Added connection conn3: url=jdbc:h2:mem:testdb user=SA
2026-06-14 03:05:28 [main] INFO  com.zaxxer.hikari.HikariDataSource - HikariPool-2 - Start completed.
2026-06-14 03:05:28 [main] INFO  org.flywaydb.core.FlywayExecutor - Database: jdbc:h2:mem:testdb (H2 2.2)
2026-06-14 03:05:28 [main] WARN  o.f.c.i.database.base.Database - Flyway upgrade recommended: H2 2.2.224 is newer than this version of Flyway and support has not been tested. The latest supported version of H2 is 2.2.220.
2026-06-14 03:05:28 [main] INFO  o.f.core.internal.command.DbValidate - Successfully validated 0 migrations (execution time 00:00.000s)
2026-06-14 03:05:28 [main] WARN  o.f.core.internal.command.DbValidate - No migrations found. Are your locations set up correctly?
2026-06-14 03:05:28 [main] INFO  o.f.core.internal.command.DbMigrate - Current version of schema "PUBLIC": << Empty Schema >>
2026-06-14 03:05:28 [main] INFO  o.f.core.internal.command.DbMigrate - Schema "PUBLIC" is up to date. No migration necessary.
2026-06-14 03:05:28 [main] INFO  o.h.jpa.internal.util.LogHelper - HHH000204: Processing PersistenceUnitInfo [name: default]
2026-06-14 03:05:28 [main] INFO  o.h.c.i.RegionFactoryInitiator - HHH000026: Second-level cache disabled
2026-06-14 03:05:28 [main] INFO  o.s.o.j.p.SpringPersistenceUnitInfo - No LoadTimeWeaver setup: ignoring JPA class transformer
2026-06-14 03:05:28 [main] WARN  org.hibernate.dialect.Dialect - HHH000511: The 2.2.0 version for [org.hibernate.dialect.PostgreSQLDialect] is no longer supported, hence certain features may not work properly. The minimum supported version is 11.0.0. Check the community dialects project for available legacy versions.
2026-06-14 03:05:28 [main] WARN  org.hibernate.orm.deprecation - HHH90000025: PostgreSQLDialect does not need to be specified explicitly using 'hibernate.dialect' (remove the property setting and it will be selected by default)
2026-06-14 03:05:28 [main] DEBUG o.h.t.d.sql.spi.DdlTypeRegistry - addDescriptor(6, org.hibernate.type.descriptor.sql.internal.CapacityDependentDdlType@45a9ef5c) replaced previous registration(org.hibernate.type.descriptor.sql.internal.DdlTypeImpl@1324605b)
2026-06-14 03:05:28 [main] INFO  o.h.e.t.j.p.i.JtaPlatformInitiator - HHH000489: No JTA platform available (set 'hibernate.transaction.jta.platform' to enable JTA platform integration)
2026-06-14 03:05:28 [main] DEBUG org.hibernate.SQL - 
    alter table if exists achievements 
       drop constraint if exists FK1efgavvlxwajrr25mqpl34m1n
Hibernate: 
    alter table if exists achievements 
       drop constraint if exists FK1efgavvlxwajrr25mqpl34m1n
2026-06-14 03:05:28 [main] DEBUG org.hibernate.SQL - 
    alter table if exists household_members 
       drop constraint if exists FKits4dus4oxqsobbp02l23iw8x
Hibernate: 
    alter table if exists household_members 
       drop constraint if exists FKits4dus4oxqsobbp02l23iw8x
2026-06-14 03:05:28 [main] DEBUG org.hibernate.SQL - 
    alter table if exists household_members 
       drop constraint if exists FK1qcyeyx7v52432f6hyswues69
Hibernate: 
    alter table if exists household_members 
       drop constraint if exists FK1qcyeyx7v52432f6hyswues69
2026-06-14 03:05:28 [main] DEBUG org.hibernate.SQL - 
    alter table if exists households_members 
       drop constraint if exists FK27qriagldiuwhtbewrat95eyf
Hibernate: 
    alter table if exists households_members 
       drop constraint if exists FK27qriagldiuwhtbewrat95eyf
2026-06-14 03:05:28 [main] DEBUG org.hibernate.SQL - 
    alter table if exists households_members 
       drop constraint if exists FKpoc84rt7v0lwjwsnne8534u0p
Hibernate: 
    alter table if exists households_members 
       drop constraint if exists FKpoc84rt7v0lwjwsnne8534u0p
2026-06-14 03:05:28 [main] DEBUG org.hibernate.SQL - 
    alter table if exists inventory 
       drop constraint if exists FKfl9scxjkghj0a3l4w0ardlqku
Hibernate: 
    alter table if exists inventory 
       drop constraint if exists FKfl9scxjkghj0a3l4w0ardlqku
2026-06-14 03:05:28 [main] DEBUG org.hibernate.SQL - 
    alter table if exists inventory_items 
       drop constraint if exists FKo2vo116ny6kmglx8ftoh1ds62
Hibernate: 
    alter table if exists inventory_items 
       drop constraint if exists FKo2vo116ny6kmglx8ftoh1ds62
2026-06-14 03:05:28 [main] DEBUG org.hibernate.SQL - 
    alter table if exists inventory_items 
       drop constraint if exists FKgibmey91qp9ep97mf1j6qh5ty
Hibernate: 
    alter table if exists inventory_items 
       drop constraint if exists FKgibmey91qp9ep97mf1j6qh5ty
2026-06-14 03:05:28 [main] DEBUG org.hibernate.SQL - 
    alter table if exists notifications 
       drop constraint if exists FK9y21adhxn0ayjhfocscqox7bh
Hibernate: 
    alter table if exists notifications 
       drop constraint if exists FK9y21adhxn0ayjhfocscqox7bh
2026-06-14 03:05:28 [main] DEBUG org.hibernate.SQL - 
    alter table if exists nutritional_info 
       drop constraint if exists FKp77ykc69v8m0j98x4sire3wl8
Hibernate: 
    alter table if exists nutritional_info 
       drop constraint if exists FKp77ykc69v8m0j98x4sire3wl8
2026-06-14 03:05:28 [main] DEBUG org.hibernate.SQL - 
    alter table if exists shopping_list_items 
       drop constraint if exists FKf1rsukdom7rt2b53s3dn26xc1
Hibernate: 
    alter table if exists shopping_list_items 
       drop constraint if exists FKf1rsukdom7rt2b53s3dn26xc1
2026-06-14 03:05:28 [main] DEBUG org.hibernate.SQL - 
    alter table if exists shopping_list_items 
       drop constraint if exists FKo53jb29vrrg4ipbb720cmepap
Hibernate: 
    alter table if exists shopping_list_items 
       drop constraint if exists FKo53jb29vrrg4ipbb720cmepap
2026-06-14 03:05:28 [main] DEBUG org.hibernate.SQL - 
    drop table if exists achievements cascade
Hibernate: 
    drop table if exists achievements cascade
2026-06-14 03:05:28 [main] DEBUG org.hibernate.SQL - 
    drop table if exists household_members cascade
Hibernate: 
    drop table if exists household_members cascade
2026-06-14 03:05:28 [main] DEBUG org.hibernate.SQL - 
    drop table if exists households cascade
Hibernate: 
    drop table if exists households cascade
2026-06-14 03:05:28 [main] DEBUG org.hibernate.SQL - 
    drop table if exists households_members cascade
Hibernate: 
    drop table if exists households_members cascade
2026-06-14 03:05:28 [main] DEBUG org.hibernate.SQL - 
    drop table if exists inventory cascade
Hibernate: 
    drop table if exists inventory cascade
2026-06-14 03:05:28 [main] DEBUG org.hibernate.SQL - 
    drop table if exists inventory_items cascade
Hibernate: 
    drop table if exists inventory_items cascade
2026-06-14 03:05:28 [main] DEBUG org.hibernate.SQL - 
    drop table if exists notifications cascade
Hibernate: 
    drop table if exists notifications cascade
2026-06-14 03:05:28 [main] DEBUG org.hibernate.SQL - 
    drop table if exists nutritional_info cascade
Hibernate: 
    drop table if exists nutritional_info cascade
2026-06-14 03:05:28 [main] DEBUG org.hibernate.SQL - 
    drop table if exists shopping_list_items cascade
Hibernate: 
    drop table if exists shopping_list_items cascade
2026-06-14 03:05:28 [main] DEBUG org.hibernate.SQL - 
    drop table if exists users cascade
Hibernate: 
    drop table if exists users cascade
2026-06-14 03:05:28 [main] DEBUG org.hibernate.SQL - 
    create table achievements (
        points integer,
        earned_at timestamp(6),
        id bigserial not null,
        user_id bigint,
        description varchar(255),
        name varchar(255) not null,
        primary key (id)
    )
Hibernate: 
    create table achievements (
        points integer,
        earned_at timestamp(6),
        id bigserial not null,
        user_id bigint,
        description varchar(255),
        name varchar(255) not null,
        primary key (id)
    )
2026-06-14 03:05:28 [main] DEBUG org.hibernate.SQL - 
    create table household_members (
        household_id bigint not null,
        joined_at timestamp(6) not null,
        user_id bigint not null,
        id uuid not null,
        role varchar(20) not null check (role in ('OWNER','ADMIN','MEMBER')),
        primary key (id),
        unique (household_id, user_id)
    )
Hibernate: 
    create table household_members (
        household_id bigint not null,
        joined_at timestamp(6) not null,
        user_id bigint not null,
        id uuid not null,
        role varchar(20) not null check (role in ('OWNER','ADMIN','MEMBER')),
        primary key (id),
        unique (household_id, user_id)
    )
2026-06-14 03:05:28 [main] DEBUG org.hibernate.SQL - 
    create table households (
        id bigserial not null,
        name varchar(255) not null,
        primary key (id)
    )
Hibernate: 
    create table households (
        id bigserial not null,
        name varchar(255) not null,
        primary key (id)
    )
2026-06-14 03:05:28 [main] DEBUG org.hibernate.SQL - 
    create table households_members (
        household_id bigint not null,
        members_id bigint not null
    )
Hibernate: 
    create table households_members (
        household_id bigint not null,
        members_id bigint not null
    )
2026-06-14 03:05:28 [main] DEBUG org.hibernate.SQL - 
    create table inventory (
        expiration_date date,
        quantity integer,
        household_id bigint,
        id bigserial not null,
        category varchar(255),
        location varchar(255),
        name varchar(255) not null,
        primary key (id)
    )
Hibernate: 
    create table inventory (
        expiration_date date,
        quantity integer,
        household_id bigint,
        id bigserial not null,
        category varchar(255),
        location varchar(255),
        name varchar(255) not null,
        primary key (id)
    )
2026-06-14 03:05:28 [main] DEBUG org.hibernate.SQL - 
    create table inventory_items (
        expiration_date date,
        price numeric(10,2),
        purchase_date date,
        quantity float(53) not null,
        added_by bigint not null,
        created_at timestamp(6) not null,
        household_id bigint not null,
        updated_at timestamp(6) not null,
        id uuid not null,
        status varchar(20) not null check (status in ('ACTIVE','USED','EXPIRED','DONATED')),
        barcode varchar(50),
        unit varchar(50),
        brand varchar(100),
        category varchar(100),
        name varchar(200) not null,
        image_url varchar(500),
        notes TEXT,
        primary key (id)
    )
Hibernate: 
    create table inventory_items (
        expiration_date date,
        price numeric(10,2),
        purchase_date date,
        quantity float(53) not null,
        added_by bigint not null,
        created_at timestamp(6) not null,
        household_id bigint not null,
        updated_at timestamp(6) not null,
        id uuid not null,
        status varchar(20) not null check (status in ('ACTIVE','USED','EXPIRED','DONATED')),
        barcode varchar(50),
        unit varchar(50),
        brand varchar(100),
        category varchar(100),
        name varchar(200) not null,
        image_url varchar(500),
        notes TEXT,
        primary key (id)
    )
2026-06-14 03:05:28 [main] DEBUG org.hibernate.SQL - 
    create table notifications (
        read boolean not null,
        created_at timestamp(6) not null,
        user_id bigint not null,
        id uuid not null,
        type varchar(50) not null,
        title varchar(200) not null,
        message TEXT,
        primary key (id)
    )
Hibernate: 
    create table notifications (
        read boolean not null,
        created_at timestamp(6) not null,
        user_id bigint not null,
        id uuid not null,
        type varchar(50) not null,
        title varchar(200) not null,
        message TEXT,
        primary key (id)
    )
2026-06-14 03:05:28 [main] DEBUG org.hibernate.SQL - 
    create table nutritional_info (
        calories float(53),
        carbohydrates float(53),
        fat float(53),
        fiber float(53),
        protein float(53),
        id bigserial not null,
        inventory_id bigint unique,
        allergens varchar(255),
        primary key (id)
    )
Hibernate: 
    create table nutritional_info (
        calories float(53),
        carbohydrates float(53),
        fat float(53),
        fiber float(53),
        protein float(53),
        id bigserial not null,
        inventory_id bigint unique,
        allergens varchar(255),
        primary key (id)
    )
2026-06-14 03:05:28 [main] DEBUG org.hibernate.SQL - 
    create table shopping_list_items (
        checked boolean not null,
        priority integer,
        quantity float(53) not null,
        added_by bigint not null,
        created_at timestamp(6) not null,
        household_id bigint not null,
        id uuid not null,
        unit varchar(50),
        category varchar(100),
        name varchar(200) not null,
        primary key (id)
    )
Hibernate: 
    create table shopping_list_items (
        checked boolean not null,
        priority integer,
        quantity float(53) not null,
        added_by bigint not null,
        created_at timestamp(6) not null,
        household_id bigint not null,
        id uuid not null,
        unit varchar(50),
        category varchar(100),
        name varchar(200) not null,
        primary key (id)
    )
2026-06-14 03:05:28 [main] DEBUG org.hibernate.SQL - 
    create table users (
        id bigserial not null,
        email varchar(255) not null unique,
        first_name varchar(255),
        last_name varchar(255),
        password varchar(255) not null,
        role varchar(255) check (role in ('ADMIN','USER')),
        primary key (id)
    )
Hibernate: 
    create table users (
        id bigserial not null,
        email varchar(255) not null unique,
        first_name varchar(255),
        last_name varchar(255),
        password varchar(255) not null,
        role varchar(255) check (role in ('ADMIN','USER')),
        primary key (id)
    )
2026-06-14 03:05:28 [main] DEBUG org.hibernate.SQL - 
    create index idx_inventory_household 
       on inventory_items (household_id)
Hibernate: 
    create index idx_inventory_household 
       on inventory_items (household_id)
2026-06-14 03:05:28 [main] DEBUG org.hibernate.SQL - 
    create index idx_inventory_barcode 
       on inventory_items (barcode)
Hibernate: 
    create index idx_inventory_barcode 
       on inventory_items (barcode)
2026-06-14 03:05:28 [main] DEBUG org.hibernate.SQL - 
    create index idx_inventory_expiration 
       on inventory_items (expiration_date)
Hibernate: 
    create index idx_inventory_expiration 
       on inventory_items (expiration_date)
2026-06-14 03:05:28 [main] DEBUG org.hibernate.SQL - 
    create index idx_inventory_status 
       on inventory_items (status)
Hibernate: 
    create index idx_inventory_status 
       on inventory_items (status)
2026-06-14 03:05:28 [main] DEBUG org.hibernate.SQL - 
    create index idx_notification_user 
       on notifications (user_id)
Hibernate: 
    create index idx_notification_user 
       on notifications (user_id)
2026-06-14 03:05:28 [main] DEBUG org.hibernate.SQL - 
    create index idx_notification_read 
       on notifications (read)
Hibernate: 
    create index idx_notification_read 
       on notifications (read)
2026-06-14 03:05:28 [main] DEBUG org.hibernate.SQL - 
    create index idx_shopping_household 
       on shopping_list_items (household_id)
Hibernate: 
    create index idx_shopping_household 
       on shopping_list_items (household_id)
2026-06-14 03:05:28 [main] DEBUG org.hibernate.SQL - 
    create index idx_shopping_checked 
       on shopping_list_items (checked)
Hibernate: 
    create index idx_shopping_checked 
       on shopping_list_items (checked)
2026-06-14 03:05:28 [main] DEBUG org.hibernate.SQL - 
    alter table if exists achievements 
       add constraint FK1efgavvlxwajrr25mqpl34m1n 
       foreign key (user_id) 
       references users
Hibernate: 
    alter table if exists achievements 
       add constraint FK1efgavvlxwajrr25mqpl34m1n 
       foreign key (user_id) 
       references users
2026-06-14 03:05:28 [main] DEBUG org.hibernate.SQL - 
    alter table if exists household_members 
       add constraint FKits4dus4oxqsobbp02l23iw8x 
       foreign key (household_id) 
       references households
Hibernate: 
    alter table if exists household_members 
       add constraint FKits4dus4oxqsobbp02l23iw8x 
       foreign key (household_id) 
       references households
2026-06-14 03:05:28 [main] DEBUG org.hibernate.SQL - 
    alter table if exists household_members 
       add constraint FK1qcyeyx7v52432f6hyswues69 
       foreign key (user_id) 
       references users
Hibernate: 
    alter table if exists household_members 
       add constraint FK1qcyeyx7v52432f6hyswues69 
       foreign key (user_id) 
       references users
2026-06-14 03:05:28 [main] DEBUG org.hibernate.SQL - 
    alter table if exists households_members 
       add constraint FK27qriagldiuwhtbewrat95eyf 
       foreign key (members_id) 
       references users
Hibernate: 
    alter table if exists households_members 
       add constraint FK27qriagldiuwhtbewrat95eyf 
       foreign key (members_id) 
       references users
2026-06-14 03:05:28 [main] DEBUG org.hibernate.SQL - 
    alter table if exists households_members 
       add constraint FKpoc84rt7v0lwjwsnne8534u0p 
       foreign key (household_id) 
       references households
Hibernate: 
    alter table if exists households_members 
       add constraint FKpoc84rt7v0lwjwsnne8534u0p 
       foreign key (household_id) 
       references households
2026-06-14 03:05:28 [main] DEBUG org.hibernate.SQL - 
    alter table if exists inventory 
       add constraint FKfl9scxjkghj0a3l4w0ardlqku 
       foreign key (household_id) 
       references households
Hibernate: 
    alter table if exists inventory 
       add constraint FKfl9scxjkghj0a3l4w0ardlqku 
       foreign key (household_id) 
       references households
2026-06-14 03:05:28 [main] DEBUG org.hibernate.SQL - 
    alter table if exists inventory_items 
       add constraint FKo2vo116ny6kmglx8ftoh1ds62 
       foreign key (added_by) 
       references users
Hibernate: 
    alter table if exists inventory_items 
       add constraint FKo2vo116ny6kmglx8ftoh1ds62 
       foreign key (added_by) 
       references users
2026-06-14 03:05:28 [main] DEBUG org.hibernate.SQL - 
    alter table if exists inventory_items 
       add constraint FKgibmey91qp9ep97mf1j6qh5ty 
       foreign key (household_id) 
       references households
Hibernate: 
    alter table if exists inventory_items 
       add constraint FKgibmey91qp9ep97mf1j6qh5ty 
       foreign key (household_id) 
       references households
2026-06-14 03:05:28 [main] DEBUG org.hibernate.SQL - 
    alter table if exists notifications 
       add constraint FK9y21adhxn0ayjhfocscqox7bh 
       foreign key (user_id) 
       references users
Hibernate: 
    alter table if exists notifications 
       add constraint FK9y21adhxn0ayjhfocscqox7bh 
       foreign key (user_id) 
       references users
2026-06-14 03:05:28 [main] DEBUG org.hibernate.SQL - 
    alter table if exists nutritional_info 
       add constraint FKp77ykc69v8m0j98x4sire3wl8 
       foreign key (inventory_id) 
       references inventory
Hibernate: 
    alter table if exists nutritional_info 
       add constraint FKp77ykc69v8m0j98x4sire3wl8 
       foreign key (inventory_id) 
       references inventory
2026-06-14 03:05:28 [main] DEBUG org.hibernate.SQL - 
    alter table if exists shopping_list_items 
       add constraint FKf1rsukdom7rt2b53s3dn26xc1 
       foreign key (added_by) 
       references users
Hibernate: 
    alter table if exists shopping_list_items 
       add constraint FKf1rsukdom7rt2b53s3dn26xc1 
       foreign key (added_by) 
       references users
2026-06-14 03:05:28 [main] DEBUG org.hibernate.SQL - 
    alter table if exists shopping_list_items 
       add constraint FKo53jb29vrrg4ipbb720cmepap 
       foreign key (household_id) 
       references households
Hibernate: 
    alter table if exists shopping_list_items 
       add constraint FKo53jb29vrrg4ipbb720cmepap 
       foreign key (household_id) 
       references households
2026-06-14 03:05:28 [main] INFO  o.s.o.j.LocalContainerEntityManagerFactoryBean - Initialized JPA EntityManagerFactory for persistence unit 'default'
2026-06-14 03:05:29 [main] INFO  o.s.b.a.e.web.EndpointLinksResolver - Exposing 6 endpoint(s) beneath base path '/actuator'
2026-06-14 03:05:29 [main] WARN  o.s.b.a.o.j.JpaBaseConfiguration$JpaWebConfiguration - spring.jpa.open-in-view is enabled by default. Therefore, database queries may be performed during view rendering. Explicitly configure spring.jpa.open-in-view to disable this warning
2026-06-14 03:05:29 [main] INFO  o.s.g.e.DefaultSchemaResourceGraphQlSourceBuilder - Loaded 1 resource(s) in the GraphQL schema.
2026-06-14 03:05:29 [main] INFO  o.s.b.a.g.GraphQlAutoConfiguration - GraphQL schema inspection:
	Unmapped fields: {Query=[item, household], Mutation=[updateItem, deleteItem]}
	Unmapped registrations: {}
	Skipped types: []
2026-06-14 03:05:29 [main] INFO  o.s.b.a.g.s.GraphQlWebMvcAutoConfiguration - GraphQL endpoint HTTP POST /graphql
2026-06-14 03:05:29 [main] INFO  o.s.s.web.DefaultSecurityFilterChain - Will secure any request with [org.springframework.security.web.session.DisableEncodeUrlFilter@43aad2e3, org.springframework.security.web.context.request.async.WebAsyncManagerIntegrationFilter@1bd6c0de, org.springframework.security.web.context.SecurityContextHolderFilter@4b0b4083, org.springframework.security.web.header.HeaderWriterFilter@4dfc1455, org.springframework.security.web.authentication.logout.LogoutFilter@4360d359, org.springframework.security.web.savedrequest.RequestCacheAwareFilter@5de6d178, org.springframework.security.web.servletapi.SecurityContextHolderAwareRequestFilter@f723474, org.springframework.security.web.authentication.AnonymousAuthenticationFilter@2f5d95b, org.springframework.security.web.session.SessionManagementFilter@15682f4a, org.springframework.security.web.access.ExceptionTranslationFilter@5b83e954, org.springframework.security.web.access.intercept.AuthorizationFilter@53d917df]
2026-06-14 03:05:30 [main] INFO  c.a.get.service.ai.AIServiceTest - Started AIServiceTest in 2.52 seconds (process running for 13.327)
2026-06-14 03:05:30 [main] INFO  c.alphasoft.get.service.ai.AIService - Generating recommendations based on inventory size: 1
]]></system-out>
  </testcase>
  <testcase name="testExpirationPrediction" classname="com.alphasoft.get.service.ai.AIServiceTest" time="0.006">
    <system-out><![CDATA[2026-06-14 03:05:30 [main] INFO  c.alphasoft.get.service.ai.AIService - Predicting expiration date for item: Milk in category: Dairy
]]></system-out>
  </testcase>
</testsuite>